#
# There is insufficient memory for the Java Runtime Environment to continue.
# Native memory allocation (malloc) failed to allocate 1048576 bytes. Error detail: AllocateHeap
# Possible reasons:
#   The system is out of physical RAM or swap space
#   This process is running with CompressedOops enabled, and the Java Heap may be blocking the growth of the native heap
# Possible solutions:
#   Reduce memory load on the system
#   Increase physical memory or swap space
#   Check if swap backing store is full
#   Decrease Java heap size (-Xmx/-Xms)
#   Decrease number of Java threads
#   Decrease Java thread stack sizes (-Xss)
#   Set larger code cache with -XX:ReservedCodeCacheSize=
#   JVM is running with Unscaled Compressed Oops mode in which the Java heap is
#     placed in the first 4GB address space. The Java Heap base address is the
#     maximum limit for the native heap growth. Please use -XX:HeapBaseMinAddress
#     to set the Java Heap base and to place the Java Heap above 4GB virtual address.
# This output file may be truncated or incomplete.
#
#  Out of Memory Error (allocation.cpp:44), pid=3744, tid=10188
#
# JRE version:  (21.0.6+7) (build )
# Java VM: OpenJDK 64-Bit Server VM (21.0.6+7-LTS, mixed mode, sharing, tiered, compressed oops, compressed class ptrs, g1 gc, windows-amd64)
# No core dump will be written. Minidumps are not enabled by default on client versions of Windows
#

---------------  S U M M A R Y ------------

Command Line: -Dfile.encoding=UTF-8 -Dstdout.encoding=UTF-8 -Dstderr.encoding=UTF-8 -XX:+ShowCodeDetailsInExceptionMessages faccat.exercicio17.Main

Host: 12th Gen Intel(R) Core(TM) i5-12500H, 16 cores, 7G,  Windows 11 , 64 bit Build 22621 (10.0.22621.5124)
Time: Tue Jun  3 09:02:08 2025 Hora oficial do Brasil elapsed time: 0.006354 seconds (0d 0h 0m 0s)

---------------  T H R E A D  ---------------

Current thread (0x00000145c9b5ee80):  JavaThread "Unknown thread" [_thread_in_vm, id=10188, stack(0x00000034b3f00000,0x00000034b4000000) (1024K)]

Stack: [0x00000034b3f00000,0x00000034b4000000]
Native frames: (J=compiled Java code, j=interpreted, Vv=VM code, C=native code)
V  [jvm.dll+0x6cdee9]
V  [jvm.dll+0x8a83d1]
V  [jvm.dll+0x8aa8fe]
V  [jvm.dll+0x8aafe3]
V  [jvm.dll+0x27f706]
V  [jvm.dll+0xbfb37]
V  [jvm.dll+0x332645]
V  [jvm.dll+0x32aa31]
V  [jvm.dll+0x871639]
V  [jvm.dll+0x3bc361]
V  [jvm.dll+0x85a763]
V  [jvm.dll+0x45066e]
V  [jvm.dll+0x4522b1]
C  [jli.dll+0x5278]
C  [ucrtbase.dll+0x29333]
C  [KERNEL32.DLL+0x1259d]
C  [ntdll.dll+0x5af38]


---------------  P R O C E S S  ---------------

Threads class SMR info:
_java_thread_list=0x00007ffe84c5a0c8, length=0, elements={
}

Java Threads: ( => current thread )
Total: 0

Other Threads:
  0x00000145cc01ec50 WorkerThread "GC Thread#0"                     [id=20112, stack(0x00000034b4000000,0x00000034b4100000) (1024K)]

[error occurred during error reporting (printing all threads), id 0xc0000005, EXCEPTION_ACCESS_VIOLATION (0xc0000005) at pc=0x00007ffe843571e0]
VM state: not at safepoint (not fully initialized)

VM Mutex/Monitor currently owned by a thread:  ([mutex/lock_event])
[0x00007ffe84cce480] Heap_lock - owner thread: 0x00000145c9b5ee80

Heap address: 0x0000000084e00000, size: 1970 MB, Compressed Oops mode: 32-bit

CDS archive(s) mapped at: [0x0000000000000000-0x0000000000000000-0x0000000000000000), size 0, SharedBaseAddress: 0x0000000800000000, ArchiveRelocationMode: 1.
Narrow klass base: 0x0000000000000000, Narrow klass shift: 0, Narrow klass range: 0x0

GC Precious Log:
 CardTable entry size: 512
 Card Set container configuration: InlinePtr #cards 5 size 8 Array Of Cards #cards 12 size 40 Howl #buckets 4 coarsen threshold 1843 Howl Bitmap #cards 512 size 80 coarsen threshold 460 Card regions per heap region 1 cards per card region 2048

Heap:
 garbage-first heap   total 0K, used 0K [0x0000000084e00000, 0x0000000100000000)
  region size 1024K, 0 young (0K), 0 survivors (0K)

[error occurred during error reporting (printing heap information), id 0xc0000005, EXCEPTION_ACCESS_VIOLATION (0xc0000005) at pc=0x00007ffe847479b9]
GC Heap History (0 events):
No events

Dll operation events (1 events):
Event: 0.004 Loaded shared library C:\Users\MARCO\.p2\pool\plugins\org.eclipse.justj.openjdk.hotspot.jre.full.win32.x86_64_21.0.6.v20250130-0529\jre\bin\java.dll

Deoptimization events (0 events):
No events

Classes loaded (0 events):
No events

Classes unloaded (0 events):
No events

Classes redefined (0 events):
No events

Internal exceptions (0 events):
No events

ZGC Phase Switch (0 events):
No events

VM Operations (0 events):
No events

Memory protections (0 events):
No events

Nmethod flushes (0 events):
No events

Events (0 events):
No events


Dynamic libraries:
0x00007ff61d100000 - 0x00007ff61d10e000 	C:\Users\MARCO\.p2\pool\plugins\org.eclipse.justj.openjdk.hotspot.jre.full.win32.x86_64_21.0.6.v20250130-0529\jre\bin\javaw.exe
0x00007fff074b0000 - 0x00007fff076c7000 	C:\WINDOWS\SYSTEM32\ntdll.dll
0x00007fff062a0000 - 0x00007fff06364000 	C:\WINDOWS\System32\KERNEL32.DLL
0x00007fff04b80000 - 0x00007fff04f53000 	C:\WINDOWS\System32\KERNELBASE.dll
0x00007fff047b0000 - 0x00007fff048c1000 	C:\WINDOWS\System32\ucrtbase.dll
0x00007ffeec6a0000 - 0x00007ffeec6b8000 	C:\Users\MARCO\.p2\pool\plugins\org.eclipse.justj.openjdk.hotspot.jre.full.win32.x86_64_21.0.6.v20250130-0529\jre\bin\jli.dll
0x00007ffeec680000 - 0x00007ffeec69e000 	C:\Users\MARCO\.p2\pool\plugins\org.eclipse.justj.openjdk.hotspot.jre.full.win32.x86_64_21.0.6.v20250130-0529\jre\bin\VCRUNTIME140.dll
0x00007fff06050000 - 0x00007fff06201000 	C:\WINDOWS\System32\USER32.dll
0x00007fff04a90000 - 0x00007fff04ab6000 	C:\WINDOWS\System32\win32u.dll
0x00007ffee9dd0000 - 0x00007ffeea068000 	C:\WINDOWS\WinSxS\amd64_microsoft.windows.common-controls_6595b64144ccf1df_6.0.22621.5124_none_270e8f4f7386d69d\COMCTL32.dll
0x00007fff06210000 - 0x00007fff06239000 	C:\WINDOWS\System32\GDI32.dll
0x00007fff05150000 - 0x00007fff051f7000 	C:\WINDOWS\System32\msvcrt.dll
0x00007fff04f90000 - 0x00007fff050ab000 	C:\WINDOWS\System32\gdi32full.dll
0x00007fff050b0000 - 0x00007fff0514a000 	C:\WINDOWS\System32\msvcp_win.dll
0x00007fff06ce0000 - 0x00007fff06d11000 	C:\WINDOWS\System32\IMM32.DLL
0x00007ffef91c0000 - 0x00007ffef91cc000 	C:\Users\MARCO\.p2\pool\plugins\org.eclipse.justj.openjdk.hotspot.jre.full.win32.x86_64_21.0.6.v20250130-0529\jre\bin\vcruntime140_1.dll
0x00007ffecd0b0000 - 0x00007ffecd13d000 	C:\Users\MARCO\.p2\pool\plugins\org.eclipse.justj.openjdk.hotspot.jre.full.win32.x86_64_21.0.6.v20250130-0529\jre\bin\msvcp140.dll
0x00007ffe84020000 - 0x00007ffe84db0000 	C:\Users\MARCO\.p2\pool\plugins\org.eclipse.justj.openjdk.hotspot.jre.full.win32.x86_64_21.0.6.v20250130-0529\jre\bin\server\jvm.dll
0x00007fff07170000 - 0x00007fff07221000 	C:\WINDOWS\System32\ADVAPI32.dll
0x00007fff06d20000 - 0x00007fff06dc8000 	C:\WINDOWS\System32\sechost.dll
0x00007fff04f60000 - 0x00007fff04f88000 	C:\WINDOWS\System32\bcrypt.dll
0x00007fff07230000 - 0x00007fff07344000 	C:\WINDOWS\System32\RPCRT4.dll
0x00007fff05730000 - 0x00007fff057a1000 	C:\WINDOWS\System32\WS2_32.dll
0x00007fff03400000 - 0x00007fff0344d000 	C:\WINDOWS\SYSTEM32\POWRPROF.dll
0x00007ffefc900000 - 0x00007ffefc934000 	C:\WINDOWS\SYSTEM32\WINMM.dll
0x00007ffef91e0000 - 0x00007ffef91ea000 	C:\WINDOWS\SYSTEM32\VERSION.dll
0x00007fff033e0000 - 0x00007fff033f3000 	C:\WINDOWS\SYSTEM32\UMPDC.dll
0x00007fff036a0000 - 0x00007fff036b8000 	C:\WINDOWS\SYSTEM32\kernel.appcore.dll
0x00007ffef18e0000 - 0x00007ffef18ea000 	C:\Users\MARCO\.p2\pool\plugins\org.eclipse.justj.openjdk.hotspot.jre.full.win32.x86_64_21.0.6.v20250130-0529\jre\bin\jimage.dll
0x00007fff01fd0000 - 0x00007fff02202000 	C:\WINDOWS\SYSTEM32\DBGHELP.DLL
0x00007fff06dd0000 - 0x00007fff07162000 	C:\WINDOWS\System32\combase.dll
0x00007fff05380000 - 0x00007fff05457000 	C:\WINDOWS\System32\OLEAUT32.dll
0x00007ffef7390000 - 0x00007ffef73c2000 	C:\WINDOWS\SYSTEM32\dbgcore.DLL
0x00007fff048d0000 - 0x00007fff0494b000 	C:\WINDOWS\System32\bcryptPrimitives.dll
0x00007ffeec660000 - 0x00007ffeec67f000 	C:\Users\MARCO\.p2\pool\plugins\org.eclipse.justj.openjdk.hotspot.jre.full.win32.x86_64_21.0.6.v20250130-0529\jre\bin\java.dll

dbghelp: loaded successfully - version: 4.0.5 - missing functions: none
symbol engine: initialized successfully - sym options: 0x614 - pdb path: .;C:\Users\MARCO\.p2\pool\plugins\org.eclipse.justj.openjdk.hotspot.jre.full.win32.x86_64_21.0.6.v20250130-0529\jre\bin;C:\WINDOWS\SYSTEM32;C:\WINDOWS\WinSxS\amd64_microsoft.windows.common-controls_6595b64144ccf1df_6.0.22621.5124_none_270e8f4f7386d69d;C:\Users\MARCO\.p2\pool\plugins\org.eclipse.justj.openjdk.hotspot.jre.full.win32.x86_64_21.0.6.v20250130-0529\jre\bin\server

VM Arguments:
jvm_args: -Dfile.encoding=UTF-8 -Dstdout.encoding=UTF-8 -Dstderr.encoding=UTF-8 -XX:+ShowCodeDetailsInExceptionMessages 
java_command: faccat.exercicio17.Main
java_class_path (initial): C:\Users\MARCO\eclipse-workspace\meu_projeto\bin
Launcher Type: SUN_STANDARD

[Global flags]
     intx CICompilerCount                          = 12                                        {product} {ergonomic}
     uint ConcGCThreads                            = 3                                         {product} {ergonomic}
     uint G1ConcRefinementThreads                  = 13                                        {product} {ergonomic}
   size_t G1HeapRegionSize                         = 1048576                                   {product} {ergonomic}
    uintx GCDrainStackTargetSize                   = 64                                        {product} {ergonomic}
   size_t InitialHeapSize                          = 130023424                                 {product} {ergonomic}
   size_t MarkStackSize                            = 4194304                                   {product} {ergonomic}
   size_t MaxHeapSize                              = 2065694720                                {product} {ergonomic}
   size_t MinHeapDeltaBytes                        = 1048576                                   {product} {ergonomic}
   size_t MinHeapSize                              = 8388608                                   {product} {ergonomic}
    uintx NonNMethodCodeHeapSize                   = 7602480                                {pd product} {ergonomic}
    uintx NonProfiledCodeHeapSize                  = 122027880                              {pd product} {ergonomic}
    uintx ProfiledCodeHeapSize                     = 122027880                              {pd product} {ergonomic}
    uintx ReservedCodeCacheSize                    = 251658240                              {pd product} {ergonomic}
     bool SegmentedCodeCache                       = true                                      {product} {ergonomic}
     bool ShowCodeDetailsInExceptionMessages       = true                                   {manageable} {command line}
   size_t SoftMaxHeapSize                          = 2065694720                             {manageable} {ergonomic}
     bool UseCompressedOops                        = true                           {product lp64_product} {ergonomic}
     bool UseG1GC                                  = true                                      {product} {ergonomic}
     bool UseLargePagesIndividualAllocation        = false                                  {pd product} {ergonomic}

Logging:
Log output configuration:
 #0: stdout all=warning uptime,level,tags foldmultilines=false
 #1: stderr all=off uptime,level,tags foldmultilines=false

Environment Variables:
JAVA_HOME=C:\Program Files\Java\jdk-21
PATH=C:/Users/MARCO/Videos/eclipse-jee-2025-03-R-win32-x86_64/eclipse//plugins/org.eclipse.justj.openjdk.hotspot.jre.full.win32.x86_64_21.0.6.v20250130-0529/jre/bin/server;C:/Users/MARCO/Videos/eclipse-jee-2025-03-R-win32-x86_64/eclipse//plugins/org.eclipse.justj.openjdk.hotspot.jre.full.win32.x86_64_21.0.6.v20250130-0529/jre/bin;C:\Program Files (x86)\NVIDIA Corporation\PhysX\Common;C:\WINDOWS\system32;C:\WINDOWS;C:\WINDOWS\System32\Wbem;C:\WINDOWS\System32\WindowsPowerShell\v1.0\;C:\WINDOWS\System32\OpenSSH\;C:\Program Files\Git\cmd;C:\Program Files\nodejs\;C:\Program Files\GitHub CLI\;C:\Program Files\Java\jdk-21\bin;C:\Program Files\MySQL\MySQL Shell 8.0\bin\;C:\Users\MARCO\AppData\Local\Microsoft\WindowsApps;C:\Users\MARCO\AppData\Local\Programs\Microsoft VS Code\bin;C:\Users\MARCO\AppData\Roaming\npm;C:\Program Files\JetBrains\IntelliJ IDEA 2025.1.1.1\bin;;C:\Users\MARCO\Videos\eclipse-jee-2025-03-R-win32-x86_64\eclipse;
USERNAME=MARCO
OS=Windows_NT
PROCESSOR_IDENTIFIER=Intel64 Family 6 Model 154 Stepping 3, GenuineIntel
TMP=C:\Users\MARCO\AppData\Local\Temp
TEMP=C:\Users\MARCO\AppData\Local\Temp




Periodic native trim disabled

---------------  S Y S T E M  ---------------

OS:
 Windows 11 , 64 bit Build 22621 (10.0.22621.5124)
OS uptime: 0 days 5:33 hours
Hyper-V role detected

CPU: total 16 (initial active 16) (8 cores per cpu, 2 threads per core) family 6 model 154 stepping 3 microcode 0x437, cx8, cmov, fxsr, ht, mmx, 3dnowpref, sse, sse2, sse3, ssse3, sse4.1, sse4.2, popcnt, lzcnt, tsc, tscinvbit, avx, avx2, aes, erms, clmul, bmi1, bmi2, adx, sha, fma, vzeroupper, clflush, clflushopt, clwb, hv, serialize, rdtscp, rdpid, fsrm, f16c, cet_ibt, cet_ss
Processor Information for the first 16 processors :
  Max Mhz: 2500, Current Mhz: 2500, Mhz Limit: 2500

Memory: 4k page, system-wide physical 7876M (1552M free)
TotalPageFile size 20164M (AvailPageFile size 5M)
current process WorkingSet (physical memory assigned to process): 11M, peak: 11M
current process commit charge ("private bytes"): 69M, peak: 70M

vm_info: OpenJDK 64-Bit Server VM (21.0.6+7-LTS) for windows-amd64 JRE (21.0.6+7-LTS), built on 2025-01-21T00:00:00Z by "admin" with MS VC++ 17.7 (VS2022)

END.
